Added Component: Designator=C1(1608[0603])
Added Component: Designator=C2(1608[0603])
Added Component: Designator=C3(1608[0603])
Added Component: Designator=C4(1608[0603])
Added Component: Designator=C5(1608[0603])
Added Component: Designator=C6(1608[0603])
Added Component: Designator=C7(1608[0603])
Added Component: Designator=C12(1608[0603])
Added Component: Designator=C13(1608[0603])
Added Component: Designator=C14(1608[0603])
Added Component: Designator=C15(1608[0603])
Added Component: Designator=C16(1608[0603])
Added Component: Designator=C17(1608[0603])
Added Component: Designator=C18(1608[0603])
Added Component: Designator=C19(1608[0603])
Added Component: Designator=C20(1608[0603])
Added Component: Designator=C21(1608[0603])
Added Component: Designator=C22(1608[0603])
Added Component: Designator=C23(1608[0603])
Added Component: Designator=C27(1608[0603])
Added Component: Designator=C28(1608[0603])
Added Component: Designator=C29(1608[0603])
Added Component: Designator=C30(1608[0603])
Added Component: Designator=C31(1608[0603])
Added Component: Designator=C32(1608[0603])
Added Component: Designator=C33(1608[0603])
Added Component: Designator=C34(1608[0603])
Added Component: Designator=C35(1608[0603])
Added Component: Designator=C36(1608[0603])
Added Component: Designator=C37(1608[0603])
Added Component: Designator=C38(1608[0603])
Added Component: Designator=C39(1608[0603])
Added Component: Designator=C40(1608[0603])
Added Component: Designator=C41(1608[0603])
Added Component: Designator=C42(1608[0603])
Added Component: Designator=C43(1608[0603])
Added Component: Designator=C44(1608[0603])
Added Component: Designator=C45(1608[0603])
Added Component: Designator=C46(1608[0603])
Added Component: Designator=C47(1608[0603])
Added Component: Designator=C48(1608[0603])
Added Component: Designator=C49(1608[0603])
Added Component: Designator=C50(1608[0603])
Added Component: Designator=C51(1608[0603])
Added Component: Designator=C52(1608[0603])
Added Component: Designator=C53(1608[0603])
Added Component: Designator=C54(1608[0603])
Added Component: Designator=LED1(1608[0603])
Added Component: Designator=LED2(1608[0603])
Added Component: Designator=P1(HDR2X5)
Added Component: Designator=P2(HDR2X5)
Added Component: Designator=P3(HDR1X2)
Added Component: Designator=P4(HDR2X3_CEN)
Added Component: Designator=P10(HDR1X8)
Added Component: Designator=R1(J1-0603)
Added Component: Designator=R2(J1-0603)
Added Component: Designator=R3(J1-0603)
Added Component: Designator=R4(J1-0603)
Added Component: Designator=R5(J1-0603)
Added Component: Designator=R6(J1-0603)
Added Component: Designator=R7(J1-0603)
Added Component: Designator=R8(J1-0603)
Added Component: Designator=R9(J1-0603)
Added Component: Designator=R10(J1-0603)
Added Component: Designator=R11(J1-0603)
Added Component: Designator=R12(J1-0603)
Added Component: Designator=R13(J1-0603)
Added Component: Designator=R16(SOIC16_N)
Added Component: Designator=R28(J1-0603)
Added Component: Designator=U1(TQFP144_N)
Added Component: Designator=U2(SOIC8_N)
Added Component: Designator=U3(ST-48_M)
Added Component: Designator=U4(SOT223_M)
Added Component: Designator=U5(SOT223_N)
Added Pin To Net: NetName=/DSYNC Pin=U1-89
Added Net: Name=/DSYNC
Added Pin To Net: NetName=/SW_15KHZ Pin=P10-5
Added Pin To Net: NetName=/SW_15KHZ Pin=R16-13
Added Pin To Net: NetName=/SW_15KHZ Pin=U1-9
Added Net: Name=/SW_15KHZ
Added Pin To Net: NetName=/SW_SCAN0 Pin=P10-6
Added Pin To Net: NetName=/SW_SCAN0 Pin=R16-14
Added Pin To Net: NetName=/SW_SCAN0 Pin=U1-8
Added Net: Name=/SW_SCAN0
Added Pin To Net: NetName=/SW_SCAN1 Pin=P10-7
Added Pin To Net: NetName=/SW_SCAN1 Pin=R16-15
Added Pin To Net: NetName=/SW_SCAN1 Pin=U1-7
Added Net: Name=/SW_SCAN1
Added Pin To Net: NetName=/SW_SHARP_COL Pin=P10-3
Added Pin To Net: NetName=/SW_SHARP_COL Pin=R16-11
Added Pin To Net: NetName=/SW_SHARP_COL Pin=U1-25
Added Net: Name=/SW_SHARP_COL
Added Pin To Net: NetName=/SW_SHARP_EN Pin=P10-4
Added Pin To Net: NetName=/SW_SHARP_EN Pin=R16-12
Added Pin To Net: NetName=/SW_SHARP_EN Pin=U1-24
Added Net: Name=/SW_SHARP_EN
Added Pin To Net: NetName=/SW_SOG Pin=P10-2
Added Pin To Net: NetName=/SW_SOG Pin=R16-10
Added Pin To Net: NetName=/SW_SOG Pin=U1-26
Added Net: Name=/SW_SOG
Added Pin To Net: NetName=/SW_VGA_CSYNC Pin=P10-1
Added Pin To Net: NetName=/SW_VGA_CSYNC Pin=R16-9
Added Pin To Net: NetName=/SW_VGA_CSYNC Pin=U1-27
Added Net: Name=/SW_VGA_CSYNC
Added Pin To Net: NetName=/SW_YPBPR Pin=P10-8
Added Pin To Net: NetName=/SW_YPBPR Pin=R16-16
Added Pin To Net: NetName=/SW_YPBPR Pin=U1-4
Added Net: Name=/SW_YPBPR
Added Pin To Net: NetName=ASDO Pin=P2-9
Added Pin To Net: NetName=ASDO Pin=U1-1
Added Pin To Net: NetName=ASDO Pin=U2-5
Added Net: Name=ASDO
Added Pin To Net: NetName=CLK50 Pin=U1-90
Added Net: Name=CLK50
Added Pin To Net: NetName=CONF_DONE Pin=P2-3
Added Pin To Net: NetName=CONF_DONE Pin=R1-1
Added Pin To Net: NetName=CONF_DONE Pin=U1-83
Added Net: Name=CONF_DONE
Added Pin To Net: NetName=D0 Pin=U1-88
Added Net: Name=D0
Added Pin To Net: NetName=D1 Pin=U1-71
Added Net: Name=D1
Added Pin To Net: NetName=D2 Pin=U1-70
Added Net: Name=D2
Added Pin To Net: NetName=D3 Pin=U1-69
Added Net: Name=D3
Added Pin To Net: NetName=D4 Pin=U1-67
Added Net: Name=D4
Added Pin To Net: NetName=D5 Pin=U1-65
Added Net: Name=D5
Added Pin To Net: NetName=DATA0 Pin=P2-7
Added Pin To Net: NetName=DATA0 Pin=U1-14
Added Pin To Net: NetName=DATA0 Pin=U2-2
Added Net: Name=DATA0
Added Pin To Net: NetName=DCLK Pin=P2-1
Added Pin To Net: NetName=DCLK Pin=U1-15
Added Pin To Net: NetName=DCLK Pin=U2-6
Added Net: Name=DCLK
Added Pin To Net: NetName=GND Pin=C1-1
Added Pin To Net: NetName=GND Pin=C2-1
Added Pin To Net: NetName=GND Pin=C3-1
Added Pin To Net: NetName=GND Pin=C4-1
Added Pin To Net: NetName=GND Pin=C5-1
Added Pin To Net: NetName=GND Pin=C6-1
Added Pin To Net: NetName=GND Pin=C7-2
Added Pin To Net: NetName=GND Pin=C12-1
Added Pin To Net: NetName=GND Pin=C13-1
Added Pin To Net: NetName=GND Pin=C14-1
Added Pin To Net: NetName=GND Pin=C15-1
Added Pin To Net: NetName=GND Pin=C16-1
Added Pin To Net: NetName=GND Pin=C17-1
Added Pin To Net: NetName=GND Pin=C18-1
Added Pin To Net: NetName=GND Pin=C19-1
Added Pin To Net: NetName=GND Pin=C20-1
Added Pin To Net: NetName=GND Pin=C21-1
Added Pin To Net: NetName=GND Pin=C27-1
Added Pin To Net: NetName=GND Pin=C28-2
Added Pin To Net: NetName=GND Pin=C29-2
Added Pin To Net: NetName=GND Pin=C30-2
Added Pin To Net: NetName=GND Pin=C31-2
Added Pin To Net: NetName=GND Pin=C32-2
Added Pin To Net: NetName=GND Pin=C33-2
Added Pin To Net: NetName=GND Pin=C34-2
Added Pin To Net: NetName=GND Pin=C35-2
Added Pin To Net: NetName=GND Pin=C36-2
Added Pin To Net: NetName=GND Pin=C37-2
Added Pin To Net: NetName=GND Pin=C38-1
Added Pin To Net: NetName=GND Pin=C39-1
Added Pin To Net: NetName=GND Pin=C40-1
Added Pin To Net: NetName=GND Pin=C41-1
Added Pin To Net: NetName=GND Pin=C42-1
Added Pin To Net: NetName=GND Pin=C43-1
Added Pin To Net: NetName=GND Pin=C44-1
Added Pin To Net: NetName=GND Pin=C45-1
Added Pin To Net: NetName=GND Pin=C46-1
Added Pin To Net: NetName=GND Pin=C47-2
Added Pin To Net: NetName=GND Pin=C48-2
Added Pin To Net: NetName=GND Pin=C49-2
Added Pin To Net: NetName=GND Pin=C50-2
Added Pin To Net: NetName=GND Pin=C51-2
Added Pin To Net: NetName=GND Pin=C52-2
Added Pin To Net: NetName=GND Pin=C53-2
Added Pin To Net: NetName=GND Pin=C54-2
Added Pin To Net: NetName=GND Pin=LED1-2
Added Pin To Net: NetName=GND Pin=LED2-2
Added Pin To Net: NetName=GND Pin=P1-2
Added Pin To Net: NetName=GND Pin=P1-10
Added Pin To Net: NetName=GND Pin=P2-2
Added Pin To Net: NetName=GND Pin=P2-10
Added Pin To Net: NetName=GND Pin=P3-1
Added Pin To Net: NetName=GND Pin=P4-6
Added Pin To Net: NetName=GND Pin=R4-1
Added Pin To Net: NetName=GND Pin=R5-1
Added Pin To Net: NetName=GND Pin=R9-1
Added Pin To Net: NetName=GND Pin=R10-1
Added Pin To Net: NetName=GND Pin=R11-1
Added Pin To Net: NetName=GND Pin=R12-2
Added Pin To Net: NetName=GND Pin=U1-6
Added Pin To Net: NetName=GND Pin=U1-19
Added Pin To Net: NetName=GND Pin=U1-33
Added Pin To Net: NetName=GND Pin=U1-34
Added Pin To Net: NetName=GND Pin=U1-36
Added Pin To Net: NetName=GND Pin=U1-38
Added Pin To Net: NetName=GND Pin=U1-39
Added Pin To Net: NetName=GND Pin=U1-49
Added Pin To Net: NetName=GND Pin=U1-56
Added Pin To Net: NetName=GND Pin=U1-61
Added Pin To Net: NetName=GND Pin=U1-68
Added Pin To Net: NetName=GND Pin=U1-78
Added Pin To Net: NetName=GND Pin=U1-84
Added Pin To Net: NetName=GND Pin=U1-85
Added Pin To Net: NetName=GND Pin=U1-98
Added Pin To Net: NetName=GND Pin=U1-106
Added Pin To Net: NetName=GND Pin=U1-108
Added Pin To Net: NetName=GND Pin=U1-110
Added Pin To Net: NetName=GND Pin=U2-4
Added Pin To Net: NetName=GND Pin=U3-25
Added Pin To Net: NetName=GND Pin=U3-26
Added Pin To Net: NetName=GND Pin=U3-27
Added Pin To Net: NetName=GND Pin=U3-31
Added Pin To Net: NetName=GND Pin=U3-33
Added Pin To Net: NetName=GND Pin=U4-1
Added Pin To Net: NetName=GND Pin=U5-1
Added Net: Name=GND
Added Pin To Net: NetName=IO_33 Pin=C3-2
Added Pin To Net: NetName=IO_33 Pin=C4-2
Added Pin To Net: NetName=IO_33 Pin=C7-1
Added Pin To Net: NetName=IO_33 Pin=C12-2
Added Pin To Net: NetName=IO_33 Pin=C13-2
Added Pin To Net: NetName=IO_33 Pin=C14-2
Added Pin To Net: NetName=IO_33 Pin=C15-2
Added Pin To Net: NetName=IO_33 Pin=C16-2
Added Pin To Net: NetName=IO_33 Pin=C17-2
Added Pin To Net: NetName=IO_33 Pin=C18-2
Added Pin To Net: NetName=IO_33 Pin=C19-2
Added Pin To Net: NetName=IO_33 Pin=C38-2
Added Pin To Net: NetName=IO_33 Pin=C39-2
Added Pin To Net: NetName=IO_33 Pin=C40-2
Added Pin To Net: NetName=IO_33 Pin=C41-2
Added Pin To Net: NetName=IO_33 Pin=C42-2
Added Pin To Net: NetName=IO_33 Pin=C43-2
Added Pin To Net: NetName=IO_33 Pin=C44-2
Added Pin To Net: NetName=IO_33 Pin=C45-2
Added Pin To Net: NetName=IO_33 Pin=C46-2
Added Pin To Net: NetName=IO_33 Pin=P1-4
Added Pin To Net: NetName=IO_33 Pin=P2-4
Added Pin To Net: NetName=IO_33 Pin=R1-2
Added Pin To Net: NetName=IO_33 Pin=R2-2
Added Pin To Net: NetName=IO_33 Pin=R3-2
Added Pin To Net: NetName=IO_33 Pin=R6-2
Added Pin To Net: NetName=IO_33 Pin=R7-2
Added Pin To Net: NetName=IO_33 Pin=R8-2
Added Pin To Net: NetName=IO_33 Pin=R16-1
Added Pin To Net: NetName=IO_33 Pin=R16-2
Added Pin To Net: NetName=IO_33 Pin=R16-3
Added Pin To Net: NetName=IO_33 Pin=R16-4
Added Pin To Net: NetName=IO_33 Pin=R16-5
Added Pin To Net: NetName=IO_33 Pin=R16-6
Added Pin To Net: NetName=IO_33 Pin=R16-7
Added Pin To Net: NetName=IO_33 Pin=R16-8
Added Pin To Net: NetName=IO_33 Pin=U1-5
Added Pin To Net: NetName=IO_33 Pin=U1-23
Added Pin To Net: NetName=IO_33 Pin=U1-29
Added Pin To Net: NetName=IO_33 Pin=U1-46
Added Pin To Net: NetName=IO_33 Pin=U1-54
Added Pin To Net: NetName=IO_33 Pin=U1-66
Added Pin To Net: NetName=IO_33 Pin=U1-77
Added Pin To Net: NetName=IO_33 Pin=U1-95
Added Pin To Net: NetName=IO_33 Pin=U1-102
Added Pin To Net: NetName=IO_33 Pin=U1-116
Added Pin To Net: NetName=IO_33 Pin=U1-127
Added Pin To Net: NetName=IO_33 Pin=U1-138
Added Pin To Net: NetName=IO_33 Pin=U2-3
Added Pin To Net: NetName=IO_33 Pin=U2-7
Added Pin To Net: NetName=IO_33 Pin=U2-8
Added Pin To Net: NetName=IO_33 Pin=U4-3
Added Pin To Net: NetName=IO_33 Pin=U5-2
Added Pin To Net: NetName=IO_33 Pin=U5-4
Added Net: Name=IO_33
Added Pin To Net: NetName=NCE Pin=P2-6
Added Pin To Net: NetName=NCE Pin=R4-2
Added Pin To Net: NetName=NCE Pin=U1-16
Added Net: Name=NCE
Added Pin To Net: NetName=NCONFIG Pin=P2-5
Added Pin To Net: NetName=NCONFIG Pin=R2-1
Added Pin To Net: NetName=NCONFIG Pin=U1-20
Added Net: Name=NCONFIG
Added Pin To Net: NetName=NCSO Pin=P2-8
Added Pin To Net: NetName=NCSO Pin=U1-2
Added Pin To Net: NetName=NCSO Pin=U2-1
Added Net: Name=NCSO
Added Pin To Net: NetName=NetLED1_1 Pin=LED1-1
Added Pin To Net: NetName=NetLED1_1 Pin=R8-1
Added Net: Name=NetLED1_1
Added Pin To Net: NetName=NetLED2_1 Pin=LED2-1
Added Pin To Net: NetName=NetLED2_1 Pin=R28-1
Added Net: Name=NetLED2_1
Added Pin To Net: NetName=NSTATUS Pin=R3-1
Added Pin To Net: NetName=NSTATUS Pin=U1-82
Added Net: Name=NSTATUS
Added Pin To Net: NetName=TCK Pin=P1-1
Added Pin To Net: NetName=TCK Pin=R5-2
Added Pin To Net: NetName=TCK Pin=U1-12
Added Net: Name=TCK
Added Pin To Net: NetName=TDI Pin=P1-9
Added Pin To Net: NetName=TDI Pin=R7-1
Added Pin To Net: NetName=TDI Pin=U1-13
Added Net: Name=TDI
Added Pin To Net: NetName=TDO Pin=P1-3
Added Pin To Net: NetName=TDO Pin=U1-10
Added Net: Name=TDO
Added Pin To Net: NetName=TMS Pin=P1-5
Added Pin To Net: NetName=TMS Pin=R6-1
Added Pin To Net: NetName=TMS Pin=U1-11
Added Net: Name=TMS
Added Pin To Net: NetName=USER_LED Pin=R28-2
Added Pin To Net: NetName=USER_LED Pin=U1-30
Added Net: Name=USER_LED
Added Pin To Net: NetName=VCC1.2 Pin=C1-2
Added Pin To Net: NetName=VCC1.2 Pin=C2-2
Added Pin To Net: NetName=VCC1.2 Pin=C20-2
Added Pin To Net: NetName=VCC1.2 Pin=C21-2
Added Pin To Net: NetName=VCC1.2 Pin=U1-35
Added Pin To Net: NetName=VCC1.2 Pin=U1-37
Added Pin To Net: NetName=VCC1.2 Pin=U1-50
Added Pin To Net: NetName=VCC1.2 Pin=U1-62
Added Pin To Net: NetName=VCC1.2 Pin=U1-107
Added Pin To Net: NetName=VCC1.2 Pin=U1-109
Added Pin To Net: NetName=VCC1.2 Pin=U1-124
Added Pin To Net: NetName=VCC1.2 Pin=U1-131
Added Pin To Net: NetName=VCC1.2 Pin=U4-2
Added Pin To Net: NetName=VCC1.2 Pin=U4-4
Added Net: Name=VCC1.2
Added Pin To Net: NetName=VGA_B0 Pin=U1-97
Added Pin To Net: NetName=VGA_B0 Pin=U3-14
Added Net: Name=VGA_B0
Added Pin To Net: NetName=VGA_B1 Pin=U1-96
Added Pin To Net: NetName=VGA_B1 Pin=U3-15
Added Net: Name=VGA_B1
Added Pin To Net: NetName=VGA_B2 Pin=U1-94
Added Pin To Net: NetName=VGA_B2 Pin=U3-16
Added Net: Name=VGA_B2
Added Pin To Net: NetName=VGA_B3 Pin=U1-93
Added Pin To Net: NetName=VGA_B3 Pin=U3-17
Added Net: Name=VGA_B3
Added Pin To Net: NetName=VGA_B4 Pin=U1-92
Added Pin To Net: NetName=VGA_B4 Pin=U3-18
Added Net: Name=VGA_B4
Added Pin To Net: NetName=VGA_B5 Pin=U1-87
Added Pin To Net: NetName=VGA_B5 Pin=U3-19
Added Net: Name=VGA_B5
Added Pin To Net: NetName=VGA_B6 Pin=U1-86
Added Pin To Net: NetName=VGA_B6 Pin=U3-20
Added Net: Name=VGA_B6
Added Pin To Net: NetName=VGA_B7 Pin=U1-81
Added Pin To Net: NetName=VGA_B7 Pin=U3-21
Added Net: Name=VGA_B7
Added Pin To Net: NetName=VGA_B8 Pin=U1-80
Added Pin To Net: NetName=VGA_B8 Pin=U3-22
Added Net: Name=VGA_B8
Added Pin To Net: NetName=VGA_B9 Pin=U1-79
Added Pin To Net: NetName=VGA_B9 Pin=U3-23
Added Net: Name=VGA_B9
Added Pin To Net: NetName=VGA_BLANK_N Pin=U1-100
Added Pin To Net: NetName=VGA_BLANK_N Pin=U3-11
Added Net: Name=VGA_BLANK_N
Added Pin To Net: NetName=VGA_CLOCK Pin=U1-75
Added Pin To Net: NetName=VGA_CLOCK Pin=U3-24
Added Net: Name=VGA_CLOCK
Added Pin To Net: NetName=VGA_COMP Pin=C23-1
Added Pin To Net: NetName=VGA_COMP Pin=U3-35
Added Net: Name=VGA_COMP
Added Pin To Net: NetName=VGA_G0 Pin=U1-120
Added Pin To Net: NetName=VGA_G0 Pin=U3-1
Added Net: Name=VGA_G0
Added Pin To Net: NetName=VGA_G1 Pin=U1-119
Added Pin To Net: NetName=VGA_G1 Pin=U3-2
Added Net: Name=VGA_G1
Added Pin To Net: NetName=VGA_G2 Pin=U1-118
Added Pin To Net: NetName=VGA_G2 Pin=U3-3
Added Net: Name=VGA_G2
Added Pin To Net: NetName=VGA_G3 Pin=U1-115
Added Pin To Net: NetName=VGA_G3 Pin=U3-4
Added Net: Name=VGA_G3
Added Pin To Net: NetName=VGA_G4 Pin=U1-114
Added Pin To Net: NetName=VGA_G4 Pin=U3-5
Added Net: Name=VGA_G4
Added Pin To Net: NetName=VGA_G5 Pin=U1-113
Added Pin To Net: NetName=VGA_G5 Pin=U3-6
Added Net: Name=VGA_G5
Added Pin To Net: NetName=VGA_G6 Pin=U1-112
Added Pin To Net: NetName=VGA_G6 Pin=U3-7
Added Net: Name=VGA_G6
Added Pin To Net: NetName=VGA_G7 Pin=U1-104
Added Pin To Net: NetName=VGA_G7 Pin=U3-8
Added Net: Name=VGA_G7
Added Pin To Net: NetName=VGA_G8 Pin=U1-103
Added Pin To Net: NetName=VGA_G8 Pin=U3-9
Added Net: Name=VGA_G8
Added Pin To Net: NetName=VGA_G9 Pin=U1-101
Added Pin To Net: NetName=VGA_G9 Pin=U3-10
Added Net: Name=VGA_G9
Added Pin To Net: NetName=VGA_HS Pin=P4-4
Added Pin To Net: NetName=VGA_HS Pin=U1-74
Added Net: Name=VGA_HS
Added Pin To Net: NetName=VGA_IOB Pin=P4-3
Added Pin To Net: NetName=VGA_IOB Pin=R11-2
Added Pin To Net: NetName=VGA_IOB Pin=U3-28
Added Net: Name=VGA_IOB
Added Pin To Net: NetName=VGA_IOG Pin=P4-2
Added Pin To Net: NetName=VGA_IOG Pin=R9-2
Added Pin To Net: NetName=VGA_IOG Pin=U3-32
Added Net: Name=VGA_IOG
Added Pin To Net: NetName=VGA_IOR Pin=P4-1
Added Pin To Net: NetName=VGA_IOR Pin=R10-2
Added Pin To Net: NetName=VGA_IOR Pin=U3-34
Added Net: Name=VGA_IOR
Added Pin To Net: NetName=VGA_PSAVE Pin=R13-1
Added Pin To Net: NetName=VGA_PSAVE Pin=U3-38
Added Net: Name=VGA_PSAVE
Added Pin To Net: NetName=VGA_R0 Pin=U1-137
Added Pin To Net: NetName=VGA_R0 Pin=U3-39
Added Net: Name=VGA_R0
Added Pin To Net: NetName=VGA_R1 Pin=U1-136
Added Pin To Net: NetName=VGA_R1 Pin=U3-40
Added Net: Name=VGA_R1
Added Pin To Net: NetName=VGA_R2 Pin=U1-135
Added Pin To Net: NetName=VGA_R2 Pin=U3-41
Added Net: Name=VGA_R2
Added Pin To Net: NetName=VGA_R3 Pin=U1-134
Added Pin To Net: NetName=VGA_R3 Pin=U3-42
Added Net: Name=VGA_R3
Added Pin To Net: NetName=VGA_R4 Pin=U1-133
Added Pin To Net: NetName=VGA_R4 Pin=U3-43
Added Net: Name=VGA_R4
Added Pin To Net: NetName=VGA_R5 Pin=U1-129
Added Pin To Net: NetName=VGA_R5 Pin=U3-44
Added Net: Name=VGA_R5
Added Pin To Net: NetName=VGA_R6 Pin=U1-126
Added Pin To Net: NetName=VGA_R6 Pin=U3-45
Added Net: Name=VGA_R6
Added Pin To Net: NetName=VGA_R7 Pin=U1-125
Added Pin To Net: NetName=VGA_R7 Pin=U3-46
Added Net: Name=VGA_R7
Added Pin To Net: NetName=VGA_R8 Pin=U1-122
Added Pin To Net: NetName=VGA_R8 Pin=U3-47
Added Net: Name=VGA_R8
Added Pin To Net: NetName=VGA_R9 Pin=U1-121
Added Pin To Net: NetName=VGA_R9 Pin=U3-48
Added Net: Name=VGA_R9
Added Pin To Net: NetName=VGA_RSET Pin=R12-1
Added Pin To Net: NetName=VGA_RSET Pin=U3-37
Added Net: Name=VGA_RSET
Added Pin To Net: NetName=VGA_SYNC_N Pin=U1-99
Added Pin To Net: NetName=VGA_SYNC_N Pin=U3-12
Added Net: Name=VGA_SYNC_N
Added Pin To Net: NetName=VGA_VCC Pin=C5-2
Added Pin To Net: NetName=VGA_VCC Pin=C6-2
Added Pin To Net: NetName=VGA_VCC Pin=C22-1
Added Pin To Net: NetName=VGA_VCC Pin=C23-2
Added Pin To Net: NetName=VGA_VCC Pin=C27-2
Added Pin To Net: NetName=VGA_VCC Pin=C28-1
Added Pin To Net: NetName=VGA_VCC Pin=C29-1
Added Pin To Net: NetName=VGA_VCC Pin=C30-1
Added Pin To Net: NetName=VGA_VCC Pin=C31-1
Added Pin To Net: NetName=VGA_VCC Pin=C32-1
Added Pin To Net: NetName=VGA_VCC Pin=C33-1
Added Pin To Net: NetName=VGA_VCC Pin=C34-1
Added Pin To Net: NetName=VGA_VCC Pin=C35-1
Added Pin To Net: NetName=VGA_VCC Pin=C36-1
Added Pin To Net: NetName=VGA_VCC Pin=C37-1
Added Pin To Net: NetName=VGA_VCC Pin=C47-1
Added Pin To Net: NetName=VGA_VCC Pin=C48-1
Added Pin To Net: NetName=VGA_VCC Pin=C49-1
Added Pin To Net: NetName=VGA_VCC Pin=C50-1
Added Pin To Net: NetName=VGA_VCC Pin=C51-1
Added Pin To Net: NetName=VGA_VCC Pin=C52-1
Added Pin To Net: NetName=VGA_VCC Pin=C53-1
Added Pin To Net: NetName=VGA_VCC Pin=C54-1
Added Pin To Net: NetName=VGA_VCC Pin=P3-2
Added Pin To Net: NetName=VGA_VCC Pin=R13-2
Added Pin To Net: NetName=VGA_VCC Pin=U3-13
Added Pin To Net: NetName=VGA_VCC Pin=U3-29
Added Pin To Net: NetName=VGA_VCC Pin=U3-30
Added Pin To Net: NetName=VGA_VCC Pin=U5-3
Added Net: Name=VGA_VCC
Added Pin To Net: NetName=VGA_VREF Pin=C22-2
Added Pin To Net: NetName=VGA_VREF Pin=U3-36
Added Net: Name=VGA_VREF
Added Pin To Net: NetName=VGA_VS Pin=P4-5
Added Pin To Net: NetName=VGA_VS Pin=U1-73
Added Net: Name=VGA_VS
