Removed Pin From Net: NetName=VCC3.3 Pin=C22-1
Removed Pin From Net: NetName=VCC3.3 Pin=C23-2
Removed Pin From Net: NetName=VCC3.3 Pin=C27-2
Removed Pin From Net: NetName=VCC3.3 Pin=C28-1
Removed Pin From Net: NetName=VCC3.3 Pin=C29-1
Removed Pin From Net: NetName=VCC3.3 Pin=C30-1
Removed Pin From Net: NetName=VCC3.3 Pin=C31-1
Removed Pin From Net: NetName=VCC3.3 Pin=C32-1
Removed Pin From Net: NetName=VCC3.3 Pin=C33-1
Removed Pin From Net: NetName=VCC3.3 Pin=C34-1
Removed Pin From Net: NetName=VCC3.3 Pin=C35-1
Removed Pin From Net: NetName=VCC3.3 Pin=C36-1
Removed Pin From Net: NetName=VCC3.3 Pin=C37-1
Removed Pin From Net: NetName=VCC3.3 Pin=C47-1
Removed Pin From Net: NetName=VCC3.3 Pin=C48-1
Removed Pin From Net: NetName=VCC3.3 Pin=C49-1
Removed Pin From Net: NetName=VCC3.3 Pin=C50-1
Removed Pin From Net: NetName=VCC3.3 Pin=C51-1
Removed Pin From Net: NetName=VCC3.3 Pin=C52-1
Removed Pin From Net: NetName=VCC3.3 Pin=C53-1
Removed Pin From Net: NetName=VCC3.3 Pin=C54-1
Removed Pin From Net: NetName=VCC3.3 Pin=R13-2
Removed Pin From Net: NetName=VCC3.3 Pin=U3-13
Removed Pin From Net: NetName=VCC3.3 Pin=U3-29
Removed Pin From Net: NetName=VCC3.3 Pin=U3-30
Added Pin To Net: NetName=VCC5.0 Pin=C22-1
Added Pin To Net: NetName=VCC5.0 Pin=C23-2
Added Pin To Net: NetName=VCC5.0 Pin=C27-2
Added Pin To Net: NetName=VCC5.0 Pin=C28-1
Added Pin To Net: NetName=VCC5.0 Pin=C29-1
Added Pin To Net: NetName=VCC5.0 Pin=C30-1
Added Pin To Net: NetName=VCC5.0 Pin=C31-1
Added Pin To Net: NetName=VCC5.0 Pin=C32-1
Added Pin To Net: NetName=VCC5.0 Pin=C33-1
Added Pin To Net: NetName=VCC5.0 Pin=C34-1
Added Pin To Net: NetName=VCC5.0 Pin=C35-1
Added Pin To Net: NetName=VCC5.0 Pin=C36-1
Added Pin To Net: NetName=VCC5.0 Pin=C37-1
Added Pin To Net: NetName=VCC5.0 Pin=C47-1
Added Pin To Net: NetName=VCC5.0 Pin=C48-1
Added Pin To Net: NetName=VCC5.0 Pin=C49-1
Added Pin To Net: NetName=VCC5.0 Pin=C50-1
Added Pin To Net: NetName=VCC5.0 Pin=C51-1
Added Pin To Net: NetName=VCC5.0 Pin=C52-1
Added Pin To Net: NetName=VCC5.0 Pin=C53-1
Added Pin To Net: NetName=VCC5.0 Pin=C54-1
Added Pin To Net: NetName=VCC5.0 Pin=R13-2
Added Pin To Net: NetName=VCC5.0 Pin=U3-13
Added Pin To Net: NetName=VCC5.0 Pin=U3-29
Added Pin To Net: NetName=VCC5.0 Pin=U3-30
Added Net: Name=VCC5.0
