Release 14.7 - xst P.20131013 (lin64)
Copyright (c) 1995-2013 Xilinx, Inc.  All rights reserved.
--> 
Parameter TMPDIR set to xst/projnav.tmp


Total REAL time to Xst completion: 0.00 secs
Total CPU time to Xst completion: 0.05 secs
 
--> 
Parameter xsthdpdir set to xst


Total REAL time to Xst completion: 0.00 secs
Total CPU time to Xst completion: 0.05 secs
 
--> 
Reading design: n6480.prj

TABLE OF CONTENTS
  1) Synthesis Options Summary
  2) HDL Parsing
  3) HDL Elaboration
  4) HDL Synthesis
       4.1) HDL Synthesis Report
  5) Advanced HDL Synthesis
       5.1) Advanced HDL Synthesis Report
  6) Low Level Synthesis
  7) Partition Report
  8) Design Summary
       8.1) Primitive and Black Box Usage
       8.2) Device utilization summary
       8.3) Partition Resource Summary
       8.4) Timing Report
            8.4.1) Clock Information
            8.4.2) Asynchronous Control Signals Information
            8.4.3) Timing Summary
            8.4.4) Timing Details
            8.4.5) Cross Clock Domains Report


=========================================================================
*                      Synthesis Options Summary                        *
=========================================================================
---- Source Parameters
Input File Name                    : "n6480.prj"
Ignore Synthesis Constraint File   : NO

---- Target Parameters
Output File Name                   : "n6480"
Output Format                      : NGC
Target Device                      : xc6slx4-2-cpg196

---- Source Options
Top Module Name                    : n6480
Automatic FSM Extraction           : YES
FSM Encoding Algorithm             : Auto
Safe Implementation                : No
FSM Style                          : LUT
RAM Extraction                     : Yes
RAM Style                          : Auto
ROM Extraction                     : Yes
Shift Register Extraction          : YES
ROM Style                          : Auto
Resource Sharing                   : YES
Asynchronous To Synchronous        : NO
Shift Register Minimum Size        : 2
Use DSP Block                      : Auto
Automatic Register Balancing       : No

---- Target Options
LUT Combining                      : Auto
Reduce Control Sets                : Auto
Add IO Buffers                     : YES
Global Maximum Fanout              : 100000
Add Generic Clock Buffer(BUFG)     : 16
Register Duplication               : YES
Optimize Instantiated Primitives   : NO
Use Clock Enable                   : Auto
Use Synchronous Set                : Auto
Use Synchronous Reset              : Auto
Pack IO Registers into IOBs        : Auto
Equivalent register Removal        : YES

---- General Options
Optimization Goal                  : Speed
Optimization Effort                : 1
Power Reduction                    : NO
Keep Hierarchy                     : No
Netlist Hierarchy                  : As_Optimized
RTL Output                         : Yes
Global Optimization                : AllClockNets
Read Cores                         : YES
Write Timing Constraints           : NO
Cross Clock Analysis               : NO
Hierarchy Separator                : /
Bus Delimiter                      : <>
Case Specifier                     : Maintain
Slice Utilization Ratio            : 100
BRAM Utilization Ratio             : 100
DSP48 Utilization Ratio            : 100
Auto BRAM Packing                  : NO
Slice Utilization Ratio Delta      : 5

=========================================================================


=========================================================================
*                          HDL Parsing                                  *
=========================================================================
Parsing VHDL file "/home/moffitt/Development/N6480/Source/n64_pixel.vhd" into library work
Parsing entity <n64_pixel>.
Parsing architecture <behavioral> of entity <n64_pixel>.
Parsing VHDL file "/home/moffitt/Development/N6480/Source/n6480.vhd" into library work
Parsing entity <n6480>.
Parsing architecture <behavioral> of entity <n6480>.

=========================================================================
*                            HDL Elaboration                            *
=========================================================================

Elaborating entity <n6480> (architecture <behavioral>) from library <work>.

Elaborating entity <n64_pixel> (architecture <behavioral>) from library <work>.
WARNING:HDLCompiler:92 - "/home/moffitt/Development/N6480/Source/n6480.vhd" Line 111: n64_vsync_n should be on the sensitivity list of the process
WARNING:HDLCompiler:92 - "/home/moffitt/Development/N6480/Source/n6480.vhd" Line 123: n64_csync_n should be on the sensitivity list of the process

=========================================================================
*                           HDL Synthesis                               *
=========================================================================

Synthesizing Unit <n6480>.
    Related source file is "/home/moffitt/Development/N6480/Source/n6480.vhd".
INFO:Xst:3210 - "/home/moffitt/Development/N6480/Source/n6480.vhd" line 63: Output port <green_out> of the instance <rgb_decoder> is unconnected or connected to loadless signal.
INFO:Xst:3210 - "/home/moffitt/Development/N6480/Source/n6480.vhd" line 63: Output port <blue_out> of the instance <rgb_decoder> is unconnected or connected to loadless signal.
INFO:Xst:3210 - "/home/moffitt/Development/N6480/Source/n6480.vhd" line 63: Output port <hsync_n_out> of the instance <rgb_decoder> is unconnected or connected to loadless signal.
INFO:Xst:3210 - "/home/moffitt/Development/N6480/Source/n6480.vhd" line 63: Output port <clamp_n_out> of the instance <rgb_decoder> is unconnected or connected to loadless signal.
    Summary:
	no macro.
Unit <n6480> synthesized.

Synthesizing Unit <n64_pixel>.
    Related source file is "/home/moffitt/Development/N6480/Source/n64_pixel.vhd".
    Found 7-bit register for signal <red_cap>.
    Found 7-bit register for signal <green_cap>.
    Found 7-bit register for signal <blue_cap>.
    Found 1-bit register for signal <csync_n_cap>.
    Found 1-bit register for signal <hsync_n_cap>.
    Found 1-bit register for signal <clamp_n_cap>.
    Found 1-bit register for signal <vsync_n_cap>.
    Found 7-bit register for signal <red_out>.
    Found 7-bit register for signal <green_out>.
    Found 7-bit register for signal <blue_out>.
    Found 1-bit register for signal <csync_n_out>.
    Found 1-bit register for signal <hsync_n_out>.
    Found 1-bit register for signal <clamp_n_out>.
    Found 1-bit register for signal <vsync_n_out>.
    Found 2-bit register for signal <cycle_count>.
    Found 2-bit adder for signal <cycle_count[1]_GND_6_o_add_0_OUT> created at line 45.
    Summary:
	inferred   1 Adder/Subtractor(s).
	inferred  52 D-type flip-flop(s).
Unit <n64_pixel> synthesized.

=========================================================================
HDL Synthesis Report

Macro Statistics
# Adders/Subtractors                                   : 1
 2-bit adder                                           : 1
# Registers                                            : 15
 1-bit register                                        : 8
 2-bit register                                        : 1
 7-bit register                                        : 6

=========================================================================

=========================================================================
*                       Advanced HDL Synthesis                          *
=========================================================================


Synthesizing (advanced) Unit <n64_pixel>.
The following registers are absorbed into counter <cycle_count>: 1 register on signal <cycle_count>.
Unit <n64_pixel> synthesized (advanced).

=========================================================================
Advanced HDL Synthesis Report

Macro Statistics
# Counters                                             : 1
 2-bit up counter                                      : 1
# Registers                                            : 50
 Flip-Flops                                            : 50

=========================================================================

=========================================================================
*                         Low Level Synthesis                           *
=========================================================================

Optimizing unit <n6480> ...

Optimizing unit <n64_pixel> ...
WARNING:Xst:2677 - Node <rgb_decoder/clamp_n_out> of sequential type is unconnected in block <n6480>.
WARNING:Xst:2677 - Node <rgb_decoder/hsync_n_out> of sequential type is unconnected in block <n6480>.
WARNING:Xst:2677 - Node <rgb_decoder/blue_out_6> of sequential type is unconnected in block <n6480>.
WARNING:Xst:2677 - Node <rgb_decoder/blue_out_5> of sequential type is unconnected in block <n6480>.
WARNING:Xst:2677 - Node <rgb_decoder/blue_out_4> of sequential type is unconnected in block <n6480>.
WARNING:Xst:2677 - Node <rgb_decoder/blue_out_3> of sequential type is unconnected in block <n6480>.
WARNING:Xst:2677 - Node <rgb_decoder/blue_out_2> of sequential type is unconnected in block <n6480>.
WARNING:Xst:2677 - Node <rgb_decoder/blue_out_1> of sequential type is unconnected in block <n6480>.
WARNING:Xst:2677 - Node <rgb_decoder/blue_out_0> of sequential type is unconnected in block <n6480>.
WARNING:Xst:2677 - Node <rgb_decoder/green_out_6> of sequential type is unconnected in block <n6480>.
WARNING:Xst:2677 - Node <rgb_decoder/green_out_5> of sequential type is unconnected in block <n6480>.
WARNING:Xst:2677 - Node <rgb_decoder/green_out_4> of sequential type is unconnected in block <n6480>.
WARNING:Xst:2677 - Node <rgb_decoder/green_out_3> of sequential type is unconnected in block <n6480>.
WARNING:Xst:2677 - Node <rgb_decoder/green_out_2> of sequential type is unconnected in block <n6480>.
WARNING:Xst:2677 - Node <rgb_decoder/green_out_1> of sequential type is unconnected in block <n6480>.
WARNING:Xst:2677 - Node <rgb_decoder/green_out_0> of sequential type is unconnected in block <n6480>.
WARNING:Xst:2677 - Node <rgb_decoder/clamp_n_cap> of sequential type is unconnected in block <n6480>.
WARNING:Xst:2677 - Node <rgb_decoder/hsync_n_cap> of sequential type is unconnected in block <n6480>.
WARNING:Xst:2677 - Node <rgb_decoder/blue_cap_6> of sequential type is unconnected in block <n6480>.
WARNING:Xst:2677 - Node <rgb_decoder/blue_cap_5> of sequential type is unconnected in block <n6480>.
WARNING:Xst:2677 - Node <rgb_decoder/blue_cap_4> of sequential type is unconnected in block <n6480>.
WARNING:Xst:2677 - Node <rgb_decoder/blue_cap_3> of sequential type is unconnected in block <n6480>.
WARNING:Xst:2677 - Node <rgb_decoder/blue_cap_2> of sequential type is unconnected in block <n6480>.
WARNING:Xst:2677 - Node <rgb_decoder/blue_cap_1> of sequential type is unconnected in block <n6480>.
WARNING:Xst:2677 - Node <rgb_decoder/blue_cap_0> of sequential type is unconnected in block <n6480>.
WARNING:Xst:2677 - Node <rgb_decoder/green_cap_6> of sequential type is unconnected in block <n6480>.
WARNING:Xst:2677 - Node <rgb_decoder/green_cap_5> of sequential type is unconnected in block <n6480>.
WARNING:Xst:2677 - Node <rgb_decoder/green_cap_4> of sequential type is unconnected in block <n6480>.
WARNING:Xst:2677 - Node <rgb_decoder/green_cap_3> of sequential type is unconnected in block <n6480>.
WARNING:Xst:2677 - Node <rgb_decoder/green_cap_2> of sequential type is unconnected in block <n6480>.
WARNING:Xst:2677 - Node <rgb_decoder/green_cap_1> of sequential type is unconnected in block <n6480>.
WARNING:Xst:2677 - Node <rgb_decoder/green_cap_0> of sequential type is unconnected in block <n6480>.

Mapping all equations...
Building and optimizing final netlist ...
Found area constraint ratio of 100 (+ 5) on block n6480, actual ratio is 1.

Final Macro Processing ...

=========================================================================
Final Register Report

Macro Statistics
# Registers                                            : 20
 Flip-Flops                                            : 20

=========================================================================

=========================================================================
*                           Partition Report                            *
=========================================================================

Partition Implementation Status
-------------------------------

  No Partitions were found in this design.

-------------------------------

=========================================================================
*                            Design Summary                             *
=========================================================================

Top Level Output File Name         : n6480.ngc

Primitive and Black Box Usage:
------------------------------
# BELS                             : 15
#      GND                         : 1
#      INV                         : 4
#      LUT2                        : 1
#      LUT3                        : 2
#      LUT4                        : 7
# FlipFlops/Latches                : 20
#      FD_1                        : 16
#      FDE_1                       : 2
#      FDR                         : 2
# Clock Buffers                    : 1
#      BUFGP                       : 1
# IO Buffers                       : 31
#      IBUF                        : 8
#      OBUF                        : 23

Device utilization summary:
---------------------------

Selected Device : 6slx4cpg196-2 


Slice Logic Utilization: 
 Number of Slice Registers:              20  out of   4800     0%  
 Number of Slice LUTs:                   14  out of   2400     0%  
    Number used as Logic:                14  out of   2400     0%  

Slice Logic Distribution: 
 Number of LUT Flip Flop pairs used:     21
   Number with an unused Flip Flop:       1  out of     21     4%  
   Number with an unused LUT:             7  out of     21    33%  
   Number of fully used LUT-FF pairs:    13  out of     21    61%  
   Number of unique control sets:         3

IO Utilization: 
 Number of IOs:                          33
 Number of bonded IOBs:                  32  out of    106    30%  

Specific Feature Utilization:
 Number of BUFG/BUFGCTRLs:                1  out of     16     6%  

---------------------------
Partition Resource Summary:
---------------------------

  No Partitions were found in this design.

---------------------------


=========================================================================
Timing Report

NOTE: THESE TIMING NUMBERS ARE ONLY A SYNTHESIS ESTIMATE.
      FOR ACCURATE TIMING INFORMATION PLEASE REFER TO THE TRACE REPORT
      GENERATED AFTER PLACE-and-ROUTE.

Clock Information:
------------------
-----------------------------------+------------------------+-------+
Clock Signal                       | Clock buffer(FF name)  | Load  |
-----------------------------------+------------------------+-------+
n64_clock                          | BUFGP                  | 20    |
-----------------------------------+------------------------+-------+

Asynchronous Control Signals Information:
----------------------------------------
No asynchronous control signals found in this design

Timing Summary:
---------------
Speed Grade: -2

   Minimum period: 2.573ns (Maximum Frequency: 388.651MHz)
   Minimum input arrival time before clock: 3.448ns
   Maximum output required time after clock: 5.054ns
   Maximum combinational path delay: No path found

Timing Details:
---------------
All values displayed in nanoseconds (ns)

=========================================================================
Timing constraint: Default period analysis for Clock 'n64_clock'
  Clock period: 2.573ns (frequency: 388.651MHz)
  Total number of paths / destination ports: 39 / 22
-------------------------------------------------------------------------
Delay:               2.573ns (Levels of Logic = 1)
  Source:            rgb_decoder/cycle_count_0 (FF)
  Destination:       rgb_decoder/cycle_count_0 (FF)
  Source Clock:      n64_clock falling
  Destination Clock: n64_clock falling

  Data Path: rgb_decoder/cycle_count_0 to rgb_decoder/cycle_count_0
                                Gate     Net
    Cell:in->out      fanout   Delay   Delay  Logical Name (Net Name)
    ----------------------------------------  ------------
     FDR:C->Q             11   0.525   1.038  rgb_decoder/cycle_count_0 (rgb_decoder/cycle_count_0)
     INV:I->O              1   0.255   0.681  rgb_decoder/Mcount_cycle_count_xor<0>11_INV_0 (rgb_decoder/Result<0>)
     FDR:D                     0.074          rgb_decoder/cycle_count_0
    ----------------------------------------
    Total                      2.573ns (0.854ns logic, 1.719ns route)
                                       (33.2% logic, 66.8% route)

=========================================================================
Timing constraint: Default OFFSET IN BEFORE for Clock 'n64_clock'
  Total number of paths / destination ports: 11 / 11
-------------------------------------------------------------------------
Offset:              3.448ns (Levels of Logic = 2)
  Source:            n64_dsync_n (PAD)
  Destination:       rgb_decoder/cycle_count_1 (FF)
  Destination Clock: n64_clock falling

  Data Path: n64_dsync_n to rgb_decoder/cycle_count_1
                                Gate     Net
    Cell:in->out      fanout   Delay   Delay  Logical Name (Net Name)
    ----------------------------------------  ------------
     IBUF:I->O             1   1.328   0.681  n64_dsync_n_IBUF (n64_dsync_n_IBUF)
     INV:I->O              2   0.255   0.725  rgb_decoder/n64_dsync_n_inv1_INV_0 (rgb_decoder/n64_dsync_n_inv)
     FDR:R                     0.459          rgb_decoder/cycle_count_0
    ----------------------------------------
    Total                      3.448ns (2.042ns logic, 1.406ns route)
                                       (59.2% logic, 40.8% route)

=========================================================================
Timing constraint: Default OFFSET OUT AFTER for Clock 'n64_clock'
  Total number of paths / destination ports: 9 / 9
-------------------------------------------------------------------------
Offset:              5.054ns (Levels of Logic = 2)
  Source:            rgb_decoder/vsync_n_out (FF)
  Destination:       vga_vsync (PAD)
  Source Clock:      n64_clock falling

  Data Path: rgb_decoder/vsync_n_out to vga_vsync
                                Gate     Net
    Cell:in->out      fanout   Delay   Delay  Logical Name (Net Name)
    ----------------------------------------  ------------
     FD_1:C->Q             1   0.525   0.681  rgb_decoder/vsync_n_out (rgb_decoder/vsync_n_out)
     INV:I->O              1   0.255   0.681  vga_vsync1_INV_0 (vga_vsync_OBUF)
     OBUF:I->O                 2.912          vga_vsync_OBUF (vga_vsync)
    ----------------------------------------
    Total                      5.054ns (3.692ns logic, 1.362ns route)
                                       (73.1% logic, 26.9% route)

=========================================================================

Cross Clock Domains Report:
--------------------------

Clock to Setup on destination clock n64_clock
---------------+---------+---------+---------+---------+
               | Src:Rise| Src:Fall| Src:Rise| Src:Fall|
Source Clock   |Dest:Rise|Dest:Rise|Dest:Fall|Dest:Fall|
---------------+---------+---------+---------+---------+
n64_clock      |         |         |    2.573|         |
---------------+---------+---------+---------+---------+

=========================================================================


Total REAL time to Xst completion: 4.00 secs
Total CPU time to Xst completion: 3.77 secs
 
--> 


Total memory usage is 385552 kilobytes

Number of errors   :    0 (   0 filtered)
Number of warnings :   34 (   0 filtered)
Number of infos    :    4 (   0 filtered)

