Analysis & Synthesis report for n6480
Fri Apr 01 01:33:44 2016
Quartus II 64-Bit Version 13.0.1 Build 232 06/12/2013 Service Pack 1 SJ Web Edition


---------------------
; Table of Contents ;
---------------------
  1. Legal Notice
  2. Analysis & Synthesis Summary
  3. Analysis & Synthesis Settings
  4. Parallel Compilation
  5. Analysis & Synthesis Source Files Read
  6. Analysis & Synthesis Resource Usage Summary
  7. Analysis & Synthesis Resource Utilization by Entity
  8. Analysis & Synthesis RAM Summary
  9. General Register Statistics
 10. Registers Packed Into Inferred Megafunctions
 11. Multiplexer Restructuring Statistics (Restructuring Performed)
 12. Source assignments for linebuffer:buffer_b|altshift_taps:line_buffer_rtl_0|shift_taps_him:auto_generated|altsyncram_ue81:altsyncram2
 13. Source assignments for linebuffer:buffer_a|altshift_taps:line_buffer_rtl_0|shift_taps_him:auto_generated|altsyncram_ue81:altsyncram2
 14. Parameter Settings for User Entity Instance: linebuffer:buffer_a
 15. Parameter Settings for User Entity Instance: linebuffer:buffer_b
 16. Parameter Settings for Inferred Entity Instance: linebuffer:buffer_b|altshift_taps:line_buffer_rtl_0
 17. Parameter Settings for Inferred Entity Instance: linebuffer:buffer_a|altshift_taps:line_buffer_rtl_0
 18. altshift_taps Parameter Settings by Entity Instance
 19. Port Connectivity Checks: "n64_pixel:rgb_decoder"
 20. Elapsed Time Per Partition
 21. Analysis & Synthesis Messages



----------------
; Legal Notice ;
----------------
Copyright (C) 1991-2013 Altera Corporation
Your use of Altera Corporation's design tools, logic functions 
and other software and tools, and its AMPP partner logic 
functions, and any output files from any of the foregoing 
(including device programming or simulation files), and any 
associated documentation or information are expressly subject 
to the terms and conditions of the Altera Program License 
Subscription Agreement, Altera MegaCore Function License 
Agreement, or other applicable license agreement, including, 
without limitation, that your use is for the sole purpose of 
programming logic devices manufactured by Altera and sold by 
Altera or its authorized distributors.  Please refer to the 
applicable agreement for further details.



+--------------------------------------------------------------------------------------+
; Analysis & Synthesis Summary                                                         ;
+------------------------------------+-------------------------------------------------+
; Analysis & Synthesis Status        ; Successful - Fri Apr 01 01:33:44 2016           ;
; Quartus II 64-Bit Version          ; 13.0.1 Build 232 06/12/2013 SP 1 SJ Web Edition ;
; Revision Name                      ; n6480                                           ;
; Top-level Entity Name              ; n6480                                           ;
; Family                             ; Cyclone II                                      ;
; Total logic elements               ; 537                                             ;
;     Total combinational functions  ; 436                                             ;
;     Dedicated logic registers      ; 336                                             ;
; Total registers                    ; 336                                             ;
; Total pins                         ; 49                                              ;
; Total virtual pins                 ; 0                                               ;
; Total memory bits                  ; 32,382                                          ;
; Embedded Multiplier 9-bit elements ; 0                                               ;
; Total PLLs                         ; 0                                               ;
+------------------------------------+-------------------------------------------------+


+----------------------------------------------------------------------------------------------------------------+
; Analysis & Synthesis Settings                                                                                  ;
+----------------------------------------------------------------------------+--------------+--------------------+
; Option                                                                     ; Setting      ; Default Value      ;
+----------------------------------------------------------------------------+--------------+--------------------+
; Device                                                                     ; EP2C5T144C8  ;                    ;
; Top-level entity name                                                      ; n6480        ; n6480              ;
; Family name                                                                ; Cyclone II   ; Cyclone IV GX      ;
; Optimization Technique                                                     ; Speed        ; Balanced           ;
; PowerPlay Power Optimization                                               ; Extra effort ; Normal compilation ;
; Use smart compilation                                                      ; Off          ; Off                ;
; Enable parallel Assembler and TimeQuest Timing Analyzer during compilation ; On           ; On                 ;
; Enable compact report table                                                ; Off          ; Off                ;
; Restructure Multiplexers                                                   ; Auto         ; Auto               ;
; Create Debugging Nodes for IP Cores                                        ; Off          ; Off                ;
; Preserve fewer node names                                                  ; On           ; On                 ;
; Disable OpenCore Plus hardware evaluation                                  ; Off          ; Off                ;
; Verilog Version                                                            ; Verilog_2001 ; Verilog_2001       ;
; VHDL Version                                                               ; VHDL_1993    ; VHDL_1993          ;
; State Machine Processing                                                   ; Auto         ; Auto               ;
; Safe State Machine                                                         ; Off          ; Off                ;
; Extract Verilog State Machines                                             ; On           ; On                 ;
; Extract VHDL State Machines                                                ; On           ; On                 ;
; Ignore Verilog initial constructs                                          ; Off          ; Off                ;
; Iteration limit for constant Verilog loops                                 ; 5000         ; 5000               ;
; Iteration limit for non-constant Verilog loops                             ; 250          ; 250                ;
; Add Pass-Through Logic to Inferred RAMs                                    ; On           ; On                 ;
; Infer RAMs from Raw Logic                                                  ; On           ; On                 ;
; Parallel Synthesis                                                         ; On           ; On                 ;
; DSP Block Balancing                                                        ; Auto         ; Auto               ;
; NOT Gate Push-Back                                                         ; On           ; On                 ;
; Power-Up Don't Care                                                        ; On           ; On                 ;
; Remove Redundant Logic Cells                                               ; Off          ; Off                ;
; Remove Duplicate Registers                                                 ; On           ; On                 ;
; Ignore CARRY Buffers                                                       ; Off          ; Off                ;
; Ignore CASCADE Buffers                                                     ; Off          ; Off                ;
; Ignore GLOBAL Buffers                                                      ; Off          ; Off                ;
; Ignore ROW GLOBAL Buffers                                                  ; Off          ; Off                ;
; Ignore LCELL Buffers                                                       ; Off          ; Off                ;
; Ignore SOFT Buffers                                                        ; On           ; On                 ;
; Limit AHDL Integers to 32 Bits                                             ; Off          ; Off                ;
; Carry Chain Length                                                         ; 70           ; 70                 ;
; Auto Carry Chains                                                          ; On           ; On                 ;
; Auto Open-Drain Pins                                                       ; On           ; On                 ;
; Perform WYSIWYG Primitive Resynthesis                                      ; Off          ; Off                ;
; Auto ROM Replacement                                                       ; On           ; On                 ;
; Auto RAM Replacement                                                       ; On           ; On                 ;
; Auto Shift Register Replacement                                            ; Auto         ; Auto               ;
; Allow Shift Register Merging across Hierarchies                            ; Auto         ; Auto               ;
; Auto Clock Enable Replacement                                              ; On           ; On                 ;
; Strict RAM Replacement                                                     ; Off          ; Off                ;
; Allow Synchronous Control Signals                                          ; On           ; On                 ;
; Force Use of Synchronous Clear Signals                                     ; Off          ; Off                ;
; Auto RAM to Logic Cell Conversion                                          ; Off          ; Off                ;
; Auto Resource Sharing                                                      ; Off          ; Off                ;
; Allow Any RAM Size For Recognition                                         ; Off          ; Off                ;
; Allow Any ROM Size For Recognition                                         ; Off          ; Off                ;
; Allow Any Shift Register Size For Recognition                              ; Off          ; Off                ;
; Use LogicLock Constraints during Resource Balancing                        ; On           ; On                 ;
; Ignore translate_off and synthesis_off directives                          ; Off          ; Off                ;
; Timing-Driven Synthesis                                                    ; Off          ; Off                ;
; Report Parameter Settings                                                  ; On           ; On                 ;
; Report Source Assignments                                                  ; On           ; On                 ;
; Report Connectivity Checks                                                 ; On           ; On                 ;
; Ignore Maximum Fan-Out Assignments                                         ; Off          ; Off                ;
; Synchronization Register Chain Length                                      ; 2            ; 2                  ;
; HDL message level                                                          ; Level2       ; Level2             ;
; Suppress Register Optimization Related Messages                            ; Off          ; Off                ;
; Number of Removed Registers Reported in Synthesis Report                   ; 5000         ; 5000               ;
; Number of Swept Nodes Reported in Synthesis Report                         ; 5000         ; 5000               ;
; Number of Inverted Registers Reported in Synthesis Report                  ; 100          ; 100                ;
; Clock MUX Protection                                                       ; On           ; On                 ;
; Auto Gated Clock Conversion                                                ; Off          ; Off                ;
; Block Design Naming                                                        ; Auto         ; Auto               ;
; SDC constraint protection                                                  ; Off          ; Off                ;
; Synthesis Effort                                                           ; Auto         ; Auto               ;
; Shift Register Replacement - Allow Asynchronous Clear Signal               ; On           ; On                 ;
; Pre-Mapping Resynthesis Optimization                                       ; Off          ; Off                ;
; Analysis & Synthesis Message Level                                         ; Medium       ; Medium             ;
; Disable Register Merging Across Hierarchies                                ; Auto         ; Auto               ;
; Resource Aware Inference For Block RAM                                     ; On           ; On                 ;
; Synthesis Seed                                                             ; 1            ; 1                  ;
+----------------------------------------------------------------------------+--------------+--------------------+


Parallel compilation was disabled, but you have multiple processors available. Enable parallel compilation to reduce compilation time.
+-------------------------------------+
; Parallel Compilation                ;
+----------------------------+--------+
; Processors                 ; Number ;
+----------------------------+--------+
; Number detected on machine ; 4      ;
; Maximum allowed            ; 1      ;
+----------------------------+--------+


+-------------------------------------------------------------------------------------------------------------------------------------------------------------------+
; Analysis & Synthesis Source Files Read                                                                                                                            ;
+----------------------------------+-----------------+------------------------------+---------------------------------------------------------------------+---------+
; File Name with User-Entered Path ; Used in Netlist ; File Type                    ; File Name with Absolute Path                                        ; Library ;
+----------------------------------+-----------------+------------------------------+---------------------------------------------------------------------+---------+
; ../Source/n6480.vhd              ; yes             ; User VHDL File               ; C:/Users/Moffitt/Development/N6480/Source/n6480.vhd                 ;         ;
; ../Source/n64_pixel.vhd          ; yes             ; User VHDL File               ; C:/Users/Moffitt/Development/N6480/Source/n64_pixel.vhd             ;         ;
; ../Source/linebuffer.vhd         ; yes             ; User VHDL File               ; C:/Users/Moffitt/Development/N6480/Source/linebuffer.vhd            ;         ;
; ../Source/rgb2yuv.vhd            ; yes             ; User VHDL File               ; C:/Users/Moffitt/Development/N6480/Source/rgb2yuv.vhd               ;         ;
; altshift_taps.tdf                ; yes             ; Megafunction                 ; c:/altera/13.0sp1/quartus/libraries/megafunctions/altshift_taps.tdf ;         ;
; altdpram.inc                     ; yes             ; Megafunction                 ; c:/altera/13.0sp1/quartus/libraries/megafunctions/altdpram.inc      ;         ;
; lpm_counter.inc                  ; yes             ; Megafunction                 ; c:/altera/13.0sp1/quartus/libraries/megafunctions/lpm_counter.inc   ;         ;
; lpm_compare.inc                  ; yes             ; Megafunction                 ; c:/altera/13.0sp1/quartus/libraries/megafunctions/lpm_compare.inc   ;         ;
; lpm_constant.inc                 ; yes             ; Megafunction                 ; c:/altera/13.0sp1/quartus/libraries/megafunctions/lpm_constant.inc  ;         ;
; db/shift_taps_him.tdf            ; yes             ; Auto-Generated Megafunction  ; C:/Users/Moffitt/Development/N6480/Altera/db/shift_taps_him.tdf     ;         ;
; db/altsyncram_ue81.tdf           ; yes             ; Auto-Generated Megafunction  ; C:/Users/Moffitt/Development/N6480/Altera/db/altsyncram_ue81.tdf    ;         ;
; db/cntr_fpf.tdf                  ; yes             ; Auto-Generated Megafunction  ; C:/Users/Moffitt/Development/N6480/Altera/db/cntr_fpf.tdf           ;         ;
; db/cmpr_ldc.tdf                  ; yes             ; Auto-Generated Megafunction  ; C:/Users/Moffitt/Development/N6480/Altera/db/cmpr_ldc.tdf           ;         ;
+----------------------------------+-----------------+------------------------------+---------------------------------------------------------------------+---------+


+---------------------------------------------------------+
; Analysis & Synthesis Resource Usage Summary             ;
+---------------------------------------------+-----------+
; Resource                                    ; Usage     ;
+---------------------------------------------+-----------+
; Estimated Total logic elements              ; 537       ;
;                                             ;           ;
; Total combinational functions               ; 436       ;
; Logic element usage by number of LUT inputs ;           ;
;     -- 4 input functions                    ; 57        ;
;     -- 3 input functions                    ; 204       ;
;     -- <=2 input functions                  ; 175       ;
;                                             ;           ;
; Logic elements by mode                      ;           ;
;     -- normal mode                          ; 197       ;
;     -- arithmetic mode                      ; 239       ;
;                                             ;           ;
; Total registers                             ; 336       ;
;     -- Dedicated logic registers            ; 336       ;
;     -- I/O registers                        ; 0         ;
;                                             ;           ;
; I/O pins                                    ; 49        ;
; Total memory bits                           ; 32382     ;
; Embedded Multiplier 9-bit elements          ; 0         ;
; Maximum fan-out node                        ; n64_clock ;
; Maximum fan-out                             ; 378       ;
; Total fan-out                               ; 2748      ;
; Average fan-out                             ; 3.18      ;
+---------------------------------------------+-----------+


+-----------------------------------------------------------------------------------------------------------------------------------------------------------------------------------------------------------------------------------------------------------------------------------------------+
; Analysis & Synthesis Resource Utilization by Entity                                                                                                                                                                                                                                           ;
+-------------------------------------------+-------------------+--------------+-------------+--------------+---------+-----------+------+--------------+------------------------------------------------------------------------------------------------------------------------+--------------+
; Compilation Hierarchy Node                ; LC Combinationals ; LC Registers ; Memory Bits ; DSP Elements ; DSP 9x9 ; DSP 18x18 ; Pins ; Virtual Pins ; Full Hierarchy Name                                                                                                    ; Library Name ;
+-------------------------------------------+-------------------+--------------+-------------+--------------+---------+-----------+------+--------------+------------------------------------------------------------------------------------------------------------------------+--------------+
; |n6480                                    ; 436 (233)         ; 336 (186)    ; 32382       ; 0            ; 0       ; 0         ; 49   ; 0            ; |n6480                                                                                                                 ; work         ;
;    |linebuffer:buffer_a|                  ; 15 (0)            ; 10 (0)       ; 16191       ; 0            ; 0       ; 0         ; 0    ; 0            ; |n6480|linebuffer:buffer_a                                                                                             ; work         ;
;       |altshift_taps:line_buffer_rtl_0|   ; 15 (0)            ; 10 (0)       ; 16191       ; 0            ; 0       ; 0         ; 0    ; 0            ; |n6480|linebuffer:buffer_a|altshift_taps:line_buffer_rtl_0                                                             ; work         ;
;          |shift_taps_him:auto_generated|  ; 15 (0)            ; 10 (0)       ; 16191       ; 0            ; 0       ; 0         ; 0    ; 0            ; |n6480|linebuffer:buffer_a|altshift_taps:line_buffer_rtl_0|shift_taps_him:auto_generated                               ; work         ;
;             |altsyncram_ue81:altsyncram2| ; 0 (0)             ; 0 (0)        ; 16191       ; 0            ; 0       ; 0         ; 0    ; 0            ; |n6480|linebuffer:buffer_a|altshift_taps:line_buffer_rtl_0|shift_taps_him:auto_generated|altsyncram_ue81:altsyncram2   ; work         ;
;             |cntr_fpf:cntr1|              ; 15 (12)           ; 10 (10)      ; 0           ; 0            ; 0       ; 0         ; 0    ; 0            ; |n6480|linebuffer:buffer_a|altshift_taps:line_buffer_rtl_0|shift_taps_him:auto_generated|cntr_fpf:cntr1                ; work         ;
;                |cmpr_ldc:cmpr5|           ; 3 (3)             ; 0 (0)        ; 0           ; 0            ; 0       ; 0         ; 0    ; 0            ; |n6480|linebuffer:buffer_a|altshift_taps:line_buffer_rtl_0|shift_taps_him:auto_generated|cntr_fpf:cntr1|cmpr_ldc:cmpr5 ; work         ;
;    |linebuffer:buffer_b|                  ; 15 (0)            ; 10 (0)       ; 16191       ; 0            ; 0       ; 0         ; 0    ; 0            ; |n6480|linebuffer:buffer_b                                                                                             ; work         ;
;       |altshift_taps:line_buffer_rtl_0|   ; 15 (0)            ; 10 (0)       ; 16191       ; 0            ; 0       ; 0         ; 0    ; 0            ; |n6480|linebuffer:buffer_b|altshift_taps:line_buffer_rtl_0                                                             ; work         ;
;          |shift_taps_him:auto_generated|  ; 15 (0)            ; 10 (0)       ; 16191       ; 0            ; 0       ; 0         ; 0    ; 0            ; |n6480|linebuffer:buffer_b|altshift_taps:line_buffer_rtl_0|shift_taps_him:auto_generated                               ; work         ;
;             |altsyncram_ue81:altsyncram2| ; 0 (0)             ; 0 (0)        ; 16191       ; 0            ; 0       ; 0         ; 0    ; 0            ; |n6480|linebuffer:buffer_b|altshift_taps:line_buffer_rtl_0|shift_taps_him:auto_generated|altsyncram_ue81:altsyncram2   ; work         ;
;             |cntr_fpf:cntr1|              ; 15 (12)           ; 10 (10)      ; 0           ; 0            ; 0       ; 0         ; 0    ; 0            ; |n6480|linebuffer:buffer_b|altshift_taps:line_buffer_rtl_0|shift_taps_him:auto_generated|cntr_fpf:cntr1                ; work         ;
;                |cmpr_ldc:cmpr5|           ; 3 (3)             ; 0 (0)        ; 0           ; 0            ; 0       ; 0         ; 0    ; 0            ; |n6480|linebuffer:buffer_b|altshift_taps:line_buffer_rtl_0|shift_taps_him:auto_generated|cntr_fpf:cntr1|cmpr_ldc:cmpr5 ; work         ;
;    |n64_pixel:rgb_decoder|                ; 52 (52)           ; 130 (130)    ; 0           ; 0            ; 0       ; 0         ; 0    ; 0            ; |n6480|n64_pixel:rgb_decoder                                                                                           ; work         ;
;    |rgb2yuv:yuv_encoder|                  ; 121 (121)         ; 0 (0)        ; 0           ; 0            ; 0       ; 0         ; 0    ; 0            ; |n6480|rgb2yuv:yuv_encoder                                                                                             ; work         ;
+-------------------------------------------+-------------------+--------------+-------------+--------------+---------+-----------+------+--------------+------------------------------------------------------------------------------------------------------------------------+--------------+
Note: For table entries with two numbers listed, the numbers in parentheses indicate the number of resources of the given type used by the specific entity alone. The numbers listed outside of parentheses indicate the total resources of the given type used by the specific entity and all of its sub-entities in the hierarchy.


+-------------------------------------------------------------------------------------------------------------------------------------------------------------------------------------------------------------------------------+
; Analysis & Synthesis RAM Summary                                                                                                                                                                                              ;
+--------------------------------------------------------------------------------------------------------------------------+------+------------------+--------------+--------------+--------------+--------------+-------+------+
; Name                                                                                                                     ; Type ; Mode             ; Port A Depth ; Port A Width ; Port B Depth ; Port B Width ; Size  ; MIF  ;
+--------------------------------------------------------------------------------------------------------------------------+------+------------------+--------------+--------------+--------------+--------------+-------+------+
; linebuffer:buffer_a|altshift_taps:line_buffer_rtl_0|shift_taps_him:auto_generated|altsyncram_ue81:altsyncram2|ALTSYNCRAM ; AUTO ; Simple Dual Port ; 771          ; 21           ; 771          ; 21           ; 16191 ; None ;
; linebuffer:buffer_b|altshift_taps:line_buffer_rtl_0|shift_taps_him:auto_generated|altsyncram_ue81:altsyncram2|ALTSYNCRAM ; AUTO ; Simple Dual Port ; 771          ; 21           ; 771          ; 21           ; 16191 ; None ;
+--------------------------------------------------------------------------------------------------------------------------+------+------------------+--------------+--------------+--------------+--------------+-------+------+


+------------------------------------------------------+
; General Register Statistics                          ;
+----------------------------------------------+-------+
; Statistic                                    ; Value ;
+----------------------------------------------+-------+
; Total registers                              ; 336   ;
; Number of registers using Synchronous Clear  ; 86    ;
; Number of registers using Synchronous Load   ; 74    ;
; Number of registers using Asynchronous Clear ; 0     ;
; Number of registers using Asynchronous Load  ; 0     ;
; Number of registers using Clock Enable       ; 111   ;
; Number of registers using Preset             ; 0     ;
+----------------------------------------------+-------+


+-----------------------------------------------------------------------------------------------------+
; Registers Packed Into Inferred Megafunctions                                                        ;
+------------------------------------------------+---------------------------------------+------------+
; Register Name                                  ; Megafunction                          ; Type       ;
+------------------------------------------------+---------------------------------------+------------+
; linebuffer:buffer_b|line_buffer[0..772][0..20] ; linebuffer:buffer_b|line_buffer_rtl_0 ; SHIFT_TAPS ;
; linebuffer:buffer_a|line_buffer[0..772][0..20] ; linebuffer:buffer_a|line_buffer_rtl_0 ; SHIFT_TAPS ;
+------------------------------------------------+---------------------------------------+------------+


+------------------------------------------------------------------------------------------------------------------------------------------------------------+
; Multiplexer Restructuring Statistics (Restructuring Performed)                                                                                             ;
+--------------------+-----------+---------------+----------------------+------------------------+------------+----------------------------------------------+
; Multiplexer Inputs ; Bus Width ; Baseline Area ; Area if Restructured ; Saving if Restructured ; Registered ; Example Multiplexer Output                   ;
+--------------------+-----------+---------------+----------------------+------------------------+------------+----------------------------------------------+
; 3:1                ; 21 bits   ; 42 LEs        ; 42 LEs               ; 0 LEs                  ; Yes        ; |n6480|out_red[0]                            ;
; 3:1                ; 16 bits   ; 32 LEs        ; 0 LEs                ; 32 LEs                 ; Yes        ; |n6480|vga_px_count[3]                       ;
; 3:1                ; 16 bits   ; 32 LEs        ; 0 LEs                ; 32 LEs                 ; Yes        ; |n6480|n64_px_count[3]                       ;
; 3:1                ; 5 bits    ; 10 LEs        ; 5 LEs                ; 5 LEs                  ; Yes        ; |n6480|n64_pixel:rgb_decoder|blur_matches[4] ;
; 4:1                ; 16 bits   ; 32 LEs        ; 0 LEs                ; 32 LEs                 ; Yes        ; |n6480|line_count[4]                         ;
+--------------------+-----------+---------------+----------------------+------------------------+------------+----------------------------------------------+


+--------------------------------------------------------------------------------------------------------------------------------------+
; Source assignments for linebuffer:buffer_b|altshift_taps:line_buffer_rtl_0|shift_taps_him:auto_generated|altsyncram_ue81:altsyncram2 ;
+---------------------------------+--------------+------+------------------------------------------------------------------------------+
; Assignment                      ; Value        ; From ; To                                                                           ;
+---------------------------------+--------------+------+------------------------------------------------------------------------------+
; OPTIMIZE_POWER_DURING_SYNTHESIS ; EXTRA_EFFORT ; -    ; -                                                                            ;
+---------------------------------+--------------+------+------------------------------------------------------------------------------+


+--------------------------------------------------------------------------------------------------------------------------------------+
; Source assignments for linebuffer:buffer_a|altshift_taps:line_buffer_rtl_0|shift_taps_him:auto_generated|altsyncram_ue81:altsyncram2 ;
+---------------------------------+--------------+------+------------------------------------------------------------------------------+
; Assignment                      ; Value        ; From ; To                                                                           ;
+---------------------------------+--------------+------+------------------------------------------------------------------------------+
; OPTIMIZE_POWER_DURING_SYNTHESIS ; EXTRA_EFFORT ; -    ; -                                                                            ;
+---------------------------------+--------------+------+------------------------------------------------------------------------------+


+------------------------------------------------------------------+
; Parameter Settings for User Entity Instance: linebuffer:buffer_a ;
+----------------+-------+-----------------------------------------+
; Parameter Name ; Value ; Type                                    ;
+----------------+-------+-----------------------------------------+
; line_len       ; 773   ; Signed Integer                          ;
; pixel_depth    ; 21    ; Signed Integer                          ;
+----------------+-------+-----------------------------------------+
Note: In order to hide this table in the UI and the text report file, please set the "Show Parameter Settings in Synthesis Report" option in "Analysis and Synthesis Settings -> More Settings" to "Off".


+------------------------------------------------------------------+
; Parameter Settings for User Entity Instance: linebuffer:buffer_b ;
+----------------+-------+-----------------------------------------+
; Parameter Name ; Value ; Type                                    ;
+----------------+-------+-----------------------------------------+
; line_len       ; 773   ; Signed Integer                          ;
; pixel_depth    ; 21    ; Signed Integer                          ;
+----------------+-------+-----------------------------------------+
Note: In order to hide this table in the UI and the text report file, please set the "Show Parameter Settings in Synthesis Report" option in "Analysis and Synthesis Settings -> More Settings" to "Off".


+------------------------------------------------------------------------------------------------------+
; Parameter Settings for Inferred Entity Instance: linebuffer:buffer_b|altshift_taps:line_buffer_rtl_0 ;
+----------------+----------------+--------------------------------------------------------------------+
; Parameter Name ; Value          ; Type                                                               ;
+----------------+----------------+--------------------------------------------------------------------+
; WIDTH_BYTEENA  ; 1              ; Untyped                                                            ;
; NUMBER_OF_TAPS ; 1              ; Untyped                                                            ;
; TAP_DISTANCE   ; 773            ; Untyped                                                            ;
; WIDTH          ; 21             ; Untyped                                                            ;
; POWER_UP_STATE ; CLEARED        ; Untyped                                                            ;
; CBXI_PARAMETER ; shift_taps_him ; Untyped                                                            ;
+----------------+----------------+--------------------------------------------------------------------+
Note: In order to hide this table in the UI and the text report file, please set the "Show Parameter Settings in Synthesis Report" option in "Analysis and Synthesis Settings -> More Settings" to "Off".


+------------------------------------------------------------------------------------------------------+
; Parameter Settings for Inferred Entity Instance: linebuffer:buffer_a|altshift_taps:line_buffer_rtl_0 ;
+----------------+----------------+--------------------------------------------------------------------+
; Parameter Name ; Value          ; Type                                                               ;
+----------------+----------------+--------------------------------------------------------------------+
; WIDTH_BYTEENA  ; 1              ; Untyped                                                            ;
; NUMBER_OF_TAPS ; 1              ; Untyped                                                            ;
; TAP_DISTANCE   ; 773            ; Untyped                                                            ;
; WIDTH          ; 21             ; Untyped                                                            ;
; POWER_UP_STATE ; CLEARED        ; Untyped                                                            ;
; CBXI_PARAMETER ; shift_taps_him ; Untyped                                                            ;
+----------------+----------------+--------------------------------------------------------------------+
Note: In order to hide this table in the UI and the text report file, please set the "Show Parameter Settings in Synthesis Report" option in "Analysis and Synthesis Settings -> More Settings" to "Off".


+----------------------------------------------------------------------------------+
; altshift_taps Parameter Settings by Entity Instance                              ;
+----------------------------+-----------------------------------------------------+
; Name                       ; Value                                               ;
+----------------------------+-----------------------------------------------------+
; Number of entity instances ; 2                                                   ;
; Entity Instance            ; linebuffer:buffer_b|altshift_taps:line_buffer_rtl_0 ;
;     -- NUMBER_OF_TAPS      ; 1                                                   ;
;     -- TAP_DISTANCE        ; 773                                                 ;
;     -- WIDTH               ; 21                                                  ;
; Entity Instance            ; linebuffer:buffer_a|altshift_taps:line_buffer_rtl_0 ;
;     -- NUMBER_OF_TAPS      ; 1                                                   ;
;     -- TAP_DISTANCE        ; 773                                                 ;
;     -- WIDTH               ; 21                                                  ;
+----------------------------+-----------------------------------------------------+


+-----------------------------------------------------------------------------------------------------------------------+
; Port Connectivity Checks: "n64_pixel:rgb_decoder"                                                                     ;
+-------------+--------+----------+-------------------------------------------------------------------------------------+
; Port        ; Type   ; Severity ; Details                                                                             ;
+-------------+--------+----------+-------------------------------------------------------------------------------------+
; clamp_n_out ; Output ; Info     ; Connected to dangling logic. Logic that only feeds a dangling port will be removed. ;
+-------------+--------+----------+-------------------------------------------------------------------------------------+


+-------------------------------+
; Elapsed Time Per Partition    ;
+----------------+--------------+
; Partition Name ; Elapsed Time ;
+----------------+--------------+
; Top            ; 00:00:11     ;
+----------------+--------------+


+-------------------------------+
; Analysis & Synthesis Messages ;
+-------------------------------+
Info: *******************************************************************
Info: Running Quartus II 64-Bit Analysis & Synthesis
    Info: Version 13.0.1 Build 232 06/12/2013 Service Pack 1 SJ Web Edition
    Info: Processing started: Fri Apr 01 01:33:30 2016
Info: Command: quartus_map --read_settings_files=on --write_settings_files=off N6480 -c n6480
Warning (20028): Parallel compilation is not licensed and has been disabled
Info (12021): Found 2 design units, including 1 entities, in source file /users/moffitt/development/n6480/source/n6480.vhd
    Info (12022): Found design unit 1: n6480-behavioral
    Info (12023): Found entity 1: n6480
Info (12021): Found 2 design units, including 1 entities, in source file /users/moffitt/development/n6480/source/n64_pixel.vhd
    Info (12022): Found design unit 1: n64_pixel-behavioral
    Info (12023): Found entity 1: n64_pixel
Info (12021): Found 2 design units, including 1 entities, in source file /users/moffitt/development/n6480/source/linebuffer.vhd
    Info (12022): Found design unit 1: linebuffer-behavioral
    Info (12023): Found entity 1: linebuffer
Info (12021): Found 2 design units, including 1 entities, in source file /users/moffitt/development/n6480/source/rgb2yuv.vhd
    Info (12022): Found design unit 1: rgb2yuv-behavioral
    Info (12023): Found entity 1: rgb2yuv
Info (12127): Elaborating entity "n6480" for the top level hierarchy
Warning (10036): Verilog HDL or VHDL warning at n6480.vhd(71): object "n64_clamp_n" assigned a value but never read
Warning (10037): Verilog HDL or VHDL warning at n6480.vhd(319): conditional expression evaluates to a constant
Warning (10037): Verilog HDL or VHDL warning at n6480.vhd(344): conditional expression evaluates to a constant
Info (12129): Elaborating entity "n64_pixel" using architecture "A:behavioral" for hierarchy "n64_pixel:rgb_decoder"
Info (12129): Elaborating entity "linebuffer" using architecture "A:behavioral" for hierarchy "linebuffer:buffer_a"
Info (12129): Elaborating entity "rgb2yuv" using architecture "A:behavioral" for hierarchy "rgb2yuv:yuv_encoder"
Info (19000): Inferred 2 megafunctions from design logic
    Info (276034): Inferred altshift_taps megafunction from the following design logic: "linebuffer:buffer_b|line_buffer_rtl_0"
        Info (286033): Parameter NUMBER_OF_TAPS set to 1
        Info (286033): Parameter TAP_DISTANCE set to 773
        Info (286033): Parameter WIDTH set to 21
    Info (276034): Inferred altshift_taps megafunction from the following design logic: "linebuffer:buffer_a|line_buffer_rtl_0"
        Info (286033): Parameter NUMBER_OF_TAPS set to 1
        Info (286033): Parameter TAP_DISTANCE set to 773
        Info (286033): Parameter WIDTH set to 21
Info (12130): Elaborated megafunction instantiation "linebuffer:buffer_b|altshift_taps:line_buffer_rtl_0"
Info (12133): Instantiated megafunction "linebuffer:buffer_b|altshift_taps:line_buffer_rtl_0" with the following parameter:
    Info (12134): Parameter "NUMBER_OF_TAPS" = "1"
    Info (12134): Parameter "TAP_DISTANCE" = "773"
    Info (12134): Parameter "WIDTH" = "21"
Info (12021): Found 1 design units, including 1 entities, in source file db/shift_taps_him.tdf
    Info (12023): Found entity 1: shift_taps_him
Info (12021): Found 1 design units, including 1 entities, in source file db/altsyncram_ue81.tdf
    Info (12023): Found entity 1: altsyncram_ue81
Info (12021): Found 1 design units, including 1 entities, in source file db/cntr_fpf.tdf
    Info (12023): Found entity 1: cntr_fpf
Info (12021): Found 1 design units, including 1 entities, in source file db/cmpr_ldc.tdf
    Info (12023): Found entity 1: cmpr_ldc
Info (16010): Generating hard_block partition "hard_block:auto_generated_inst"
    Info (16011): Adding 0 node(s), including 0 DDIO, 0 PLL, 0 transceiver and 0 LCELL
Info (21057): Implemented 629 device resources after synthesis - the final resource count might be different
    Info (21058): Implemented 13 input pins
    Info (21059): Implemented 36 output pins
    Info (21061): Implemented 538 logic cells
    Info (21064): Implemented 42 RAM segments
Info: Quartus II 64-Bit Analysis & Synthesis was successful. 0 errors, 4 warnings
    Info: Peak virtual memory: 588 megabytes
    Info: Processing ended: Fri Apr 01 01:33:44 2016
    Info: Elapsed time: 00:00:14
    Info: Total CPU time (on all processors): 00:00:14


